# JRE version: OpenJDK Runtime Environment (8.0_76-b03) (build 1.8.0_76-release-b03)
# Java VM: OpenJDK 64-Bit Server VM (25.76-b03 mixed mode windows-amd64 compressed oops)
Heap:
 PSYoungGen      total 81408K, used 27642K [0x00000000e0000000, 0x00000000e6300000, 0x0000000100000000)
  eden space 73728K, 33% used [0x00000000e0000000,0x00000000e17da9a0,0x00000000e4800000)
  from space 7680K, 41% used [0x00000000e4f80000,0x00000000e52a4178,0x00000000e5700000)
  to   space 7680K, 0% used [0x00000000e4800000,0x00000000e4800000,0x00000000e4f80000)
 ParOldGen       total 37376K, used 12492K [0x00000000a0000000, 0x00000000a2480000, 0x00000000e0000000)
  object space 37376K, 33% used [0x00000000a0000000,0x00000000a0c33090,0x00000000a2480000)
 Metaspace       used 29739K, capacity 30512K, committed 30640K, reserved 1075200K
  class space    used 4021K, capacity 4255K, committed 4272K, reserved 1048576K
GC Heap History (10 events):
Event: 16.097 GC heap before
{Heap before GC invocations=7 (full 0):
 PSYoungGen      total 39936K, used 24383K [0x00000000e0000000, 0x00000000e2e00000, 0x0000000100000000)
  eden space 32768K, 59% used [0x00000000e0000000,0x00000000e12f6508,0x00000000e2000000)
  from space 7168K, 69% used [0x00000000e2700000,0x00000000e2bd9860,0x00000000e2e00000)
  to   space 7168K, 0% used [0x00000000e2000000,0x00000000e2000000,0x00000000e2700000)
 ParOldGen       total 44032K, used 8598K [0x00000000a0000000, 0x00000000a2b00000, 0x00000000e0000000)
  object space 44032K, 19% used [0x00000000a0000000,0x00000000a0865a38,0x00000000a2b00000)
 Metaspace       used 20761K, capacity 21226K, committed 21296K, reserved 1067008K
  class space    used 2699K, capacity 2829K, committed 2864K, reserved 1048576K
Event: 16.129 GC heap after
Heap after GC invocations=7 (full 0):
 PSYoungGen      total 39936K, used 5284K [0x00000000e0000000, 0x00000000e4e00000, 0x0000000100000000)
  eden space 32768K, 0% used [0x00000000e0000000,0x00000000e0000000,0x00000000e2000000)
  from space 7168K, 73% used [0x00000000e2000000,0x00000000e2529178,0x00000000e2700000)
  to   space 7168K, 0% used [0x00000000e4700000,0x00000000e4700000,0x00000000e4e00000)
 ParOldGen       total 44032K, used 9262K [0x00000000a0000000, 0x00000000a2b00000, 0x00000000e0000000)
  object space 44032K, 21% used [0x00000000a0000000,0x00000000a090ba98,0x00000000a2b00000)
 Metaspace       used 20761K, capacity 21226K, committed 21296K, reserved 1067008K
  class space    used 2699K, capacity 2829K, committed 2864K, reserved 1048576K
}
Event: 16.129 GC heap before
{Heap before GC invocations=8 (full 1):
 PSYoungGen      total 39936K, used 5284K [0x00000000e0000000, 0x00000000e4e00000, 0x0000000100000000)
  eden space 32768K, 0% used [0x00000000e0000000,0x00000000e0000000,0x00000000e2000000)
  from space 7168K, 73% used [0x00000000e2000000,0x00000000e2529178,0x00000000e2700000)
  to   space 7168K, 0% used [0x00000000e4700000,0x00000000e4700000,0x00000000e4e00000)
 ParOldGen       total 44032K, used 9262K [0x00000000a0000000, 0x00000000a2b00000, 0x00000000e0000000)
  object space 44032K, 21% used [0x00000000a0000000,0x00000000a090ba98,0x00000000a2b00000)
 Metaspace       used 20761K, capacity 21226K, committed 21296K, reserved 1067008K
  class space    used 2699K, capacity 2829K, committed 2864K, reserved 1048576K
Event: 16.278 GC heap after
Heap after GC invocations=8 (full 1):
 PSYoungGen      total 39936K, used 0K [0x00000000e0000000, 0x00000000e4e00000, 0x0000000100000000)
  eden space 32768K, 0% used [0x00000000e0000000,0x00000000e0000000,0x00000000e2000000)
  from space 7168K, 0% used [0x00000000e2000000,0x00000000e2000000,0x00000000e2700000)
  to   space 7168K, 0% used [0x00000000e4700000,0x00000000e4700000,0x00000000e4e00000)
 ParOldGen       total 37376K, used 10608K [0x00000000a0000000, 0x00000000a2480000, 0x00000000e0000000)
  object space 37376K, 28% used [0x00000000a0000000,0x00000000a0a5c070,0x00000000a2480000)
 Metaspace       used 20761K, capacity 21226K, committed 21296K, reserved 1067008K
  class space    used 2699K, capacity 2829K, committed 2864K, reserved 1048576K
}
Event: 18.189 GC heap before
{Heap before GC invocations=9 (full 1):
 PSYoungGen      total 39936K, used 32768K [0x00000000e0000000, 0x00000000e4e00000, 0x0000000100000000)
  eden space 32768K, 100% used [0x00000000e0000000,0x00000000e2000000,0x00000000e2000000)
  from space 7168K, 0% used [0x00000000e2000000,0x00000000e2000000,0x00000000e2700000)
  to   space 7168K, 0% used [0x00000000e4700000,0x00000000e4700000,0x00000000e4e00000)
 ParOldGen       total 37376K, used 10608K [0x00000000a0000000, 0x00000000a2480000, 0x00000000e0000000)
  object space 37376K, 28% used [0x00000000a0000000,0x00000000a0a5c070,0x00000000a2480000)
 Metaspace       used 23436K, capacity 24014K, committed 24112K, reserved 1071104K
  class space    used 3132K, capacity 3288K, committed 3376K, reserved 1048576K
Event: 18.197 GC heap after
Heap after GC invocations=9 (full 1):
 PSYoungGen      total 57344K, used 4531K [0x00000000e0000000, 0x00000000e4b80000, 0x0000000100000000)
  eden space 52736K, 0% used [0x00000000e0000000,0x00000000e0000000,0x00000000e3380000)
  from space 4608K, 98% used [0x00000000e4700000,0x00000000e4b6cf28,0x00000000e4b80000)
  to   space 7168K, 0% used [0x00000000e3d80000,0x00000000e3d80000,0x00000000e4480000)
 ParOldGen       total 37376K, used 10616K [0x00000000a0000000, 0x00000000a2480000, 0x00000000e0000000)
  object space 37376K, 28% used [0x00000000a0000000,0x00000000a0a5e070,0x00000000a2480000)
 Metaspace       used 23436K, capacity 24014K, committed 24112K, reserved 1071104K
  class space    used 3132K, capacity 3288K, committed 3376K, reserved 1048576K
}
Event: 21.316 GC heap before
{Heap before GC invocations=10 (full 1):
 PSYoungGen      total 57344K, used 57267K [0x00000000e0000000, 0x00000000e4b80000, 0x0000000100000000)
  eden space 52736K, 100% used [0x00000000e0000000,0x00000000e3380000,0x00000000e3380000)
  from space 4608K, 98% used [0x00000000e4700000,0x00000000e4b6cf28,0x00000000e4b80000)
  to   space 7168K, 0% used [0x00000000e3d80000,0x00000000e3d80000,0x00000000e4480000)
 ParOldGen       total 37376K, used 10616K [0x00000000a0000000, 0x00000000a2480000, 0x00000000e0000000)
  object space 37376K, 28% used [0x00000000a0000000,0x00000000a0a5e070,0x00000000a2480000)
 Metaspace       used 27692K, capacity 28424K, committed 28592K, reserved 1073152K
  class space    used 3808K, capacity 4008K, committed 4016K, reserved 1048576K
Event: 21.408 GC heap after
Heap after GC invocations=10 (full 1):
 PSYoungGen      total 70144K, used 7046K [0x00000000e0000000, 0x00000000e5700000, 0x0000000100000000)
  eden space 62976K, 0% used [0x00000000e0000000,0x00000000e0000000,0x00000000e3d80000)
  from space 7168K, 98% used [0x00000000e3d80000,0x00000000e4461b38,0x00000000e4480000)
  to   space 7680K, 0% used [0x00000000e4f80000,0x00000000e4f80000,0x00000000e5700000)
 ParOldGen       total 37376K, used 10616K [0x00000000a0000000, 0x00000000a2480000, 0x00000000e0000000)
  object space 37376K, 28% used [0x00000000a0000000,0x00000000a0a5e070,0x00000000a2480000)
 Metaspace       used 27692K, capacity 28424K, committed 28592K, reserved 1073152K
  class space    used 3808K, capacity 4008K, committed 4016K, reserved 1048576K
}
Event: 25.548 GC heap before
{Heap before GC invocations=11 (full 1):
 PSYoungGen      total 70144K, used 70022K [0x00000000e0000000, 0x00000000e5700000, 0x0000000100000000)
  eden space 62976K, 100% used [0x00000000e0000000,0x00000000e3d80000,0x00000000e3d80000)
  from space 7168K, 98% used [0x00000000e3d80000,0x00000000e4461b38,0x00000000e4480000)
  to   space 7680K, 0% used [0x00000000e4f80000,0x00000000e4f80000,0x00000000e5700000)
 ParOldGen       total 37376K, used 10616K [0x00000000a0000000, 0x00000000a2480000, 0x00000000e0000000)
  object space 37376K, 28% used [0x00000000a0000000,0x00000000a0a5e070,0x00000000a2480000)
 Metaspace       used 28965K, capacity 29702K, committed 30000K, reserved 1075200K
  class space    used 3922K, capacity 4109K, committed 4144K, reserved 1048576K
Event: 25.565 GC heap after
Heap after GC invocations=11 (full 1):
 PSYoungGen      total 81408K, used 3216K [0x00000000e0000000, 0x00000000e6300000, 0x0000000100000000)
  eden space 73728K, 0% used [0x00000000e0000000,0x00000000e0000000,0x00000000e4800000)
  from space 7680K, 41% used [0x00000000e4f80000,0x00000000e52a4178,0x00000000e5700000)
  to   space 7680K, 0% used [0x00000000e4800000,0x00000000e4800000,0x00000000e4f80000)
 ParOldGen       total 37376K, used 12492K [0x00000000a0000000, 0x00000000a2480000, 0x00000000e0000000)
  object space 37376K, 33% used [0x00000000a0000000,0x00000000a0c33090,0x00000000a2480000)
 Metaspace       used 28965K, capacity 29702K, committed 30000K, reserved 1075200K
  class space    used 3922K, capacity 4109K, committed 4144K, reserved 1048576K
}

